#
# There is insufficient memory for the Java Runtime Environment to continue.
# Native memory allocation (mmap) failed to map 163053568 bytes for committing reserved memory.
# Possible reasons:
#   The system is out of physical RAM or swap space
#   In 32 bit mode, the process size limit was hit
# Possible solutions:
#   Reduce memory load on the system
#   Increase physical memory or swap space
#   Check if swap backing store is full
#   Use 64 bit Java on a 64 bit OS
#   Decrease Java heap size (-Xmx/-Xms)
#   Decrease number of Java threads
#   Decrease Java thread stack sizes (-Xss)
#   Set larger code cache with -XX:ReservedCodeCacheSize=
# This output file may be truncated or incomplete.
#
#  Out of Memory Error (os_linux.cpp:2627), pid=17085, tid=0x00007fcb65460700
#
# JRE version: Java(TM) SE Runtime Environment (8.0_102-b14) (build 1.8.0_102-b14)
# Java VM: Java HotSpot(TM) 64-Bit Server VM (25.102-b14 mixed mode linux-amd64 compressed oops)
# Core dump written. Default location: /home/erick/AndroidStudioProjects/AwesomeNotes/app/core or core.17085
#

---------------  T H R E A D  ---------------

Current thread (0x00007fcb78076800):  VMThread [stack: 0x00007fcb65360000,0x00007fcb65461000] [id=17094]

Stack: [0x00007fcb65360000,0x00007fcb65461000],  sp=0x00007fcb6545f320,  free space=1020k
Native frames: (J=compiled Java code, j=interpreted, Vv=VM code, C=native code)
V  [libjvm.so+0xac52aa]  VMError::report_and_die()+0x2ba
V  [libjvm.so+0x4fc29b]  report_vm_out_of_memory(char const*, int, unsigned long, VMErrorType, char const*)+0x8b
V  [libjvm.so+0x922603]  os::Linux::commit_memory_impl(char*, unsigned long, bool)+0x103
V  [libjvm.so+0x922b59]  os::pd_commit_memory(char*, unsigned long, unsigned long, bool)+0x29
V  [libjvm.so+0x91ce5a]  os::commit_memory(char*, unsigned long, unsigned long, bool)+0x2a
V  [libjvm.so+0x9915e3]  PSVirtualSpace::expand_by(unsigned long)+0x53
V  [libjvm.so+0x981ea0]  PSOldGen::expand(unsigned long)+0x170
V  [libjvm.so+0x9820ab]  PSOldGen::resize(unsigned long)+0x1cb
V  [libjvm.so+0x989db1]  PSParallelCompact::invoke_no_policy(bool)+0x991
V  [libjvm.so+0x98f70d]  PSScavenge::invoke()+0x1ad
V  [libjvm.so+0x9462f0]  ParallelScavengeHeap::failed_mem_allocate(unsigned long)+0x70
V  [libjvm.so+0xac6cc7]  VM_ParallelGCFailedAllocation::doit()+0x97
V  [libjvm.so+0xace7a5]  VM_Operation::evaluate()+0x55
V  [libjvm.so+0xaccb7a]  VMThread::evaluate_operation(VM_Operation*)+0xba
V  [libjvm.so+0xaccefe]  VMThread::loop()+0x1ce
V  [libjvm.so+0xacd370]  VMThread::run()+0x70
V  [libjvm.so+0x9249c8]  java_start(Thread*)+0x108

VM_Operation (0x00007fcb64598d40): ParallelGCFailedAllocation, mode: safepoint, requested by thread 0x00007fcb78156800


---------------  P R O C E S S  ---------------

Java Threads: ( => current thread )
  0x00007fcb78156800 JavaThread "pool-1-thread-4" [_thread_blocked, id=17107, stack(0x00007fcb6449a000,0x00007fcb6459b000)]
  0x00007fcb78155000 JavaThread "pool-1-thread-3" [_thread_blocked, id=17106, stack(0x00007fcb6459b000,0x00007fcb6469c000)]
  0x00007fcb78153000 JavaThread "pool-1-thread-2" [_thread_blocked, id=17105, stack(0x00007fcb6469c000,0x00007fcb6479d000)]
  0x00007fcb78151800 JavaThread "pool-2-thread-1" [_thread_blocked, id=17104, stack(0x00007fcb6479d000,0x00007fcb6489e000)]
  0x00007fcb7814f000 JavaThread "pool-1-thread-1" [_thread_blocked, id=17103, stack(0x00007fcb6489e000,0x00007fcb6499f000)]
  0x00007fcb780bf000 JavaThread "Service Thread" daemon [_thread_blocked, id=17101, stack(0x00007fcb64ac0000,0x00007fcb64bc1000)]
  0x00007fcb780bc000 JavaThread "C1 CompilerThread2" daemon [_thread_blocked, id=17100, stack(0x00007fcb64bc1000,0x00007fcb64cc2000)]
  0x00007fcb780ba000 JavaThread "C2 CompilerThread1" daemon [_thread_blocked, id=17099, stack(0x00007fcb64cc2000,0x00007fcb64dc3000)]
  0x00007fcb780b7800 JavaThread "C2 CompilerThread0" daemon [_thread_blocked, id=17098, stack(0x00007fcb64dc3000,0x00007fcb64ec4000)]
  0x00007fcb780b6000 JavaThread "Signal Dispatcher" daemon [_thread_blocked, id=17097, stack(0x00007fcb64ec4000,0x00007fcb64fc5000)]
  0x00007fcb78082800 JavaThread "Finalizer" daemon [_thread_blocked, id=17096, stack(0x00007fcb6515e000,0x00007fcb6525f000)]
  0x00007fcb7807e000 JavaThread "Reference Handler" daemon [_thread_blocked, id=17095, stack(0x00007fcb6525f000,0x00007fcb65360000)]
  0x00007fcb78008800 JavaThread "main" [_thread_blocked, id=17087, stack(0x00007fcb7f390000,0x00007fcb7f491000)]

Other Threads:
=>0x00007fcb78076800 VMThread [stack: 0x00007fcb65360000,0x00007fcb65461000] [id=17094]
  0x00007fcb780c2000 WatcherThread [stack: 0x00007fcb649bf000,0x00007fcb64ac0000] [id=17102]

VM state:at safepoint (normal execution)

VM Mutex/Monitor currently owned by a thread:  ([mutex/lock_event])
[0x00007fcb78005e60] ExpandHeap_lock - owner thread: 0x00007fcb78076800
[0x00007fcb780064e0] Threads_lock - owner thread: 0x00007fcb78076800
[0x00007fcb780069e0] Heap_lock - owner thread: 0x00007fcb78156800

Heap:
 PSYoungGen      total 289280K, used 36876K [0x00000000eab00000, 0x0000000100000000, 0x0000000100000000)
  eden space 240128K, 0% used [0x00000000eab00000,0x00000000eab00000,0x00000000f9580000)
  from space 49152K, 75% used [0x00000000f9580000,0x00000000fb983000,0x00000000fc580000)
  to   space 59904K, 0% used [0x00000000fc580000,0x00000000fc580000,0x0000000100000000)
 ParOldGen       total 166400K, used 166334K [0x00000000c0000000, 0x00000000ca280000, 0x00000000eab00000)
  object space 166400K, 99% used [0x00000000c0000000,0x00000000ca26fb40,0x00000000ca280000)
 Metaspace       used 6449K, capacity 7256K, committed 7424K, reserved 1056768K
  class space    used 612K, capacity 656K, committed 768K, reserved 1048576K

Card table byte_map: [0x00007fcb7c5ca000,0x00007fcb7c7cb000] byte_map_base: 0x00007fcb7bfca000

Marking Bits: (ParMarkBitMap*) 0x00007fcb7e8c1c60
 Begin Bits: [0x00007fcb67000000, 0x00007fcb68000000)
 End Bits:   [0x00007fcb68000000, 0x00007fcb69000000)

Polling page: 0x00007fcb7f4e3000

CodeCache: size=245760Kb used=8123Kb max_used=8123Kb free=237636Kb
 bounds [0x00007fcb69000000, 0x00007fcb69800000, 0x00007fcb78000000]
 total_blobs=2271 nmethods=2004 adapters=181
 compilation: enabled

Compilation events (10 events):
Event: 17,279 Thread 0x00007fcb780bc000 2240       2       com.android.dx.ssa.DomFront::calcDomFronts (154 bytes)
Event: 17,280 Thread 0x00007fcb780bc000 nmethod 2240 0x00007fcb697c8790 code [0x00007fcb697c8980, 0x00007fcb697c8ec8]
Event: 17,280 Thread 0x00007fcb780bc000 2241       2       com.android.dx.util.BitIntSet::merge (148 bytes)
Event: 17,281 Thread 0x00007fcb780bc000 nmethod 2241 0x00007fcb697c7a90 code [0x00007fcb697c7ca0, 0x00007fcb697c8238]
Event: 17,281 Thread 0x00007fcb780bc000 2242       2       com.android.dx.cf.direct.StdAttributeFactory::enclosingMethod (156 bytes)
Event: 17,286 Thread 0x00007fcb780bc000 nmethod 2242 0x00007fcb697f0bd0 code [0x00007fcb697f0fa0, 0x00007fcb697f2568]
Event: 17,470 Thread 0x00007fcb780bc000 2245       2       com.android.dx.ssa.back.InterferenceGraph::add (46 bytes)
Event: 17,471 Thread 0x00007fcb780bc000 nmethod 2245 0x00007fcb697f4590 code [0x00007fcb697f4780, 0x00007fcb697f4c28]
Event: 17,502 Thread 0x00007fcb780bc000 2246 %     3       com.android.dx.rop.code.InsnList::contentEquals @ 23 (54 bytes)
Event: 17,503 Thread 0x00007fcb780bc000 nmethod 2246% 0x00007fcb697f5110 code [0x00007fcb697f5300, 0x00007fcb697f5e08]

GC Heap History (10 events):
Event: 4,925 GC heap after
Heap after GC invocations=4 (full 0):
 PSYoungGen      total 132096K, used 5111K [0x00000000eab00000, 0x00000000f3100000, 0x0000000100000000)
  eden space 126976K, 0% used [0x00000000eab00000,0x00000000eab00000,0x00000000f2700000)
  from space 5120K, 99% used [0x00000000f2c00000,0x00000000f30fdc80,0x00000000f3100000)
  to   space 5120K, 0% used [0x00000000f2700000,0x00000000f2700000,0x00000000f2c00000)
 ParOldGen       total 84992K, used 23331K [0x00000000c0000000, 0x00000000c5300000, 0x00000000eab00000)
  object space 84992K, 27% used [0x00000000c0000000,0x00000000c16c8e30,0x00000000c5300000)
 Metaspace       used 6035K, capacity 6936K, committed 7168K, reserved 1056768K
  class space    used 610K, capacity 656K, committed 768K, reserved 1048576K
}
Event: 9,521 GC heap before
{Heap before GC invocations=5 (full 0):
 PSYoungGen      total 132096K, used 132087K [0x00000000eab00000, 0x00000000f3100000, 0x0000000100000000)
  eden space 126976K, 100% used [0x00000000eab00000,0x00000000f2700000,0x00000000f2700000)
  from space 5120K, 99% used [0x00000000f2c00000,0x00000000f30fdc80,0x00000000f3100000)
  to   space 5120K, 0% used [0x00000000f2700000,0x00000000f2700000,0x00000000f2c00000)
 ParOldGen       total 84992K, used 23331K [0x00000000c0000000, 0x00000000c5300000, 0x00000000eab00000)
  object space 84992K, 27% used [0x00000000c0000000,0x00000000c16c8e30,0x00000000c5300000)
 Metaspace       used 6388K, capacity 7192K, committed 7424K, reserved 1056768K
  class space    used 611K, capacity 656K, committed 768K, reserved 1048576K
Event: 9,855 GC heap after
Heap after GC invocations=5 (full 0):
 PSYoungGen      total 132096K, used 5090K [0x00000000eab00000, 0x00000000fe800000, 0x0000000100000000)
  eden space 126976K, 0% used [0x00000000eab00000,0x00000000eab00000,0x00000000f2700000)
  from space 5120K, 99% used [0x00000000f2700000,0x00000000f2bf8810,0x00000000f2c00000)
  to   space 35328K, 0% used [0x00000000fc580000,0x00000000fc580000,0x00000000fe800000)
 ParOldGen       total 84992K, used 54450K [0x00000000c0000000, 0x00000000c5300000, 0x00000000eab00000)
  object space 84992K, 64% used [0x00000000c0000000,0x00000000c352c878,0x00000000c5300000)
 Metaspace       used 6388K, capacity 7192K, committed 7424K, reserved 1056768K
  class space    used 611K, capacity 656K, committed 768K, reserved 1048576K
}
Event: 13,996 GC heap before
{Heap before GC invocations=6 (full 0):
 PSYoungGen      total 132096K, used 132066K [0x00000000eab00000, 0x00000000fe800000, 0x0000000100000000)
  eden space 126976K, 100% used [0x00000000eab00000,0x00000000f2700000,0x00000000f2700000)
  from space 5120K, 99% used [0x00000000f2700000,0x00000000f2bf8810,0x00000000f2c00000)
  to   space 35328K, 0% used [0x00000000fc580000,0x00000000fc580000,0x00000000fe800000)
 ParOldGen       total 84992K, used 54450K [0x00000000c0000000, 0x00000000c5300000, 0x00000000eab00000)
  object space 84992K, 64% used [0x00000000c0000000,0x00000000c352c878,0x00000000c5300000)
 Metaspace       used 6432K, capacity 7256K, committed 7424K, reserved 1056768K
  class space    used 611K, capacity 656K, committed 768K, reserved 1048576K
Event: 14,346 GC heap after
Heap after GC invocations=6 (full 0):
 PSYoungGen      total 275456K, used 35306K [0x00000000eab00000, 0x0000000100000000, 0x0000000100000000)
  eden space 240128K, 0% used [0x00000000eab00000,0x00000000eab00000,0x00000000f9580000)
  from space 35328K, 99% used [0x00000000fc580000,0x00000000fe7faaf8,0x00000000fe800000)
  to   space 49152K, 0% used [0x00000000f9580000,0x00000000f9580000,0x00000000fc580000)
 ParOldGen       total 84992K, used 65159K [0x00000000c0000000, 0x00000000c5300000, 0x00000000eab00000)
  object space 84992K, 76% used [0x00000000c0000000,0x00000000c3fa1f90,0x00000000c5300000)
 Metaspace       used 6432K, capacity 7256K, committed 7424K, reserved 1056768K
  class space    used 611K, capacity 656K, committed 768K, reserved 1048576K
}
Event: 14,346 GC heap before
{Heap before GC invocations=7 (full 1):
 PSYoungGen      total 275456K, used 35306K [0x00000000eab00000, 0x0000000100000000, 0x0000000100000000)
  eden space 240128K, 0% used [0x00000000eab00000,0x00000000eab00000,0x00000000f9580000)
  from space 35328K, 99% used [0x00000000fc580000,0x00000000fe7faaf8,0x00000000fe800000)
  to   space 49152K, 0% used [0x00000000f9580000,0x00000000f9580000,0x00000000fc580000)
 ParOldGen       total 84992K, used 65159K [0x00000000c0000000, 0x00000000c5300000, 0x00000000eab00000)
  object space 84992K, 76% used [0x00000000c0000000,0x00000000c3fa1f90,0x00000000c5300000)
 Metaspace       used 6432K, capacity 7256K, committed 7424K, reserved 1056768K
  class space    used 611K, capacity 656K, committed 768K, reserved 1048576K
Event: 16,822 GC heap after
Heap after GC invocations=7 (full 1):
 PSYoungGen      total 275456K, used 7951K [0x00000000eab00000, 0x0000000100000000, 0x0000000100000000)
  eden space 240128K, 0% used [0x00000000eab00000,0x00000000eab00000,0x00000000f9580000)
  from space 35328K, 22% used [0x00000000fc580000,0x00000000fcd43d10,0x00000000fe800000)
  to   space 49152K, 0% used [0x00000000f9580000,0x00000000f9580000,0x00000000fc580000)
 ParOldGen       total 166400K, used 84582K [0x00000000c0000000, 0x00000000ca280000, 0x00000000eab00000)
  object space 166400K, 50% used [0x00000000c0000000,0x00000000c52998f0,0x00000000ca280000)
 Metaspace       used 6432K, capacity 7256K, committed 7424K, reserved 1056768K
  class space    used 611K, capacity 656K, committed 768K, reserved 1048576K
}
Event: 17,575 GC heap before
{Heap before GC invocations=8 (full 1):
 PSYoungGen      total 275456K, used 248079K [0x00000000eab00000, 0x0000000100000000, 0x0000000100000000)
  eden space 240128K, 100% used [0x00000000eab00000,0x00000000f9580000,0x00000000f9580000)
  from space 35328K, 22% used [0x00000000fc580000,0x00000000fcd43d10,0x00000000fe800000)
  to   space 49152K, 0% used [0x00000000f9580000,0x00000000f9580000,0x00000000fc580000)
 ParOldGen       total 166400K, used 84582K [0x00000000c0000000, 0x00000000ca280000, 0x00000000eab00000)
  object space 166400K, 50% used [0x00000000c0000000,0x00000000c52998f0,0x00000000ca280000)
 Metaspace       used 6449K, capacity 7256K, committed 7424K, reserved 1056768K
  class space    used 612K, capacity 656K, committed 768K, reserved 1048576K
Event: 17,971 GC heap after
Heap after GC invocations=8 (full 1):
 PSYoungGen      total 289280K, used 49134K [0x00000000eab00000, 0x0000000100000000, 0x0000000100000000)
  eden space 240128K, 0% used [0x00000000eab00000,0x00000000eab00000,0x00000000f9580000)
  from space 49152K, 99% used [0x00000000f9580000,0x00000000fc57b918,0x00000000fc580000)
  to   space 59904K, 0% used [0x00000000fc580000,0x00000000fc580000,0x0000000100000000)
 ParOldGen       total 166400K, used 163907K [0x00000000c0000000, 0x00000000ca280000, 0x00000000eab00000)
  object space 166400K, 98% used [0x00000000c0000000,0x00000000ca010ca8,0x00000000ca280000)
 Metaspace       used 6449K, capacity 7256K, committed 7424K, reserved 1056768K
  class space    used 612K, capacity 656K, committed 768K, reserved 1048576K
}
Event: 17,971 GC heap before
{Heap before GC invocations=9 (full 2):
 PSYoungGen      total 289280K, used 49134K [0x00000000eab00000, 0x0000000100000000, 0x0000000100000000)
  eden space 240128K, 0% used [0x00000000eab00000,0x00000000eab00000,0x00000000f9580000)
  from space 49152K, 99% used [0x00000000f9580000,0x00000000fc57b918,0x00000000fc580000)
  to   space 59904K, 0% used [0x00000000fc580000,0x00000000fc580000,0x0000000100000000)
 ParOldGen       total 166400K, used 163907K [0x00000000c0000000, 0x00000000ca280000, 0x00000000eab00000)
  object space 166400K, 98% used [0x00000000c0000000,0x00000000ca010ca8,0x00000000ca280000)
 Metaspace       used 6449K, capacity 7256K, committed 7424K, reserved 1056768K
  class space    used 612K, capacity 656K, committed 768K, reserved 1048576K

Deoptimization events (10 events):
Event: 5,053 Thread 0x00007fcb78008800 Uncommon trap: reason=unstable_if action=reinterpret pc=0x00007fcb694f9854 method=com.android.dx.ssa.SCCP.simulateStmt(Lcom/android/dx/ssa/SsaInsn;)V @ 59
Event: 5,337 Thread 0x00007fcb78008800 Uncommon trap: reason=bimorphic action=maybe_recompile pc=0x00007fcb69551c94 method=com.android.dx.ssa.SCCP.setLatticeValueTo(IILcom/android/dx/rop/cst/Constant;)Z @ 43
Event: 5,337 Thread 0x00007fcb78008800 Uncommon trap: reason=bimorphic action=maybe_recompile pc=0x00007fcb69551c94 method=com.android.dx.ssa.SCCP.setLatticeValueTo(IILcom/android/dx/rop/cst/Constant;)Z @ 43
Event: 5,337 Thread 0x00007fcb78008800 Uncommon trap: reason=bimorphic action=maybe_recompile pc=0x00007fcb69551c94 method=com.android.dx.ssa.SCCP.setLatticeValueTo(IILcom/android/dx/rop/cst/Constant;)Z @ 43
Event: 6,288 Thread 0x00007fcb78008800 Uncommon trap: reason=bimorphic action=maybe_recompile pc=0x00007fcb69551c94 method=com.android.dx.ssa.SCCP.setLatticeValueTo(IILcom/android/dx/rop/cst/Constant;)Z @ 43
Event: 12,577 Thread 0x00007fcb78008800 Uncommon trap: reason=unstable_if action=reinterpret pc=0x00007fcb6977de14 method=java.util.HashMap.putVal(ILjava/lang/Object;Ljava/lang/Object;ZZ)Ljava/lang/Object; @ 109
Event: 13,108 Thread 0x00007fcb78008800 Uncommon trap: reason=bimorphic action=maybe_recompile pc=0x00007fcb6968476c method=com.android.dx.cf.code.BytecodeArray.parseInstruction(ILcom/android/dx/cf/code/BytecodeArray$Visitor;)I @ 1357
Event: 13,108 Thread 0x00007fcb78008800 Uncommon trap: reason=bimorphic action=maybe_recompile pc=0x00007fcb6968476c method=com.android.dx.cf.code.BytecodeArray.parseInstruction(ILcom/android/dx/cf/code/BytecodeArray$Visitor;)I @ 1357
Event: 13,532 Thread 0x00007fcb78008800 Uncommon trap: reason=unstable_if action=reinterpret pc=0x00007fcb6969f500 method=com.android.dx.ssa.MoveParamCombiner$1.visitNonMoveInsn(Lcom/android/dx/ssa/NormalSsaInsn;)V @ 27
Event: 13,910 Thread 0x00007fcb78008800 Uncommon trap: reason=unstable_if action=reinterpret pc=0x00007fcb696888c8 method=com.android.dx.cf.code.ByteCatchList.listFor(I)Lcom/android/dx/cf/code/ByteCatchList; @ 47

Internal exceptions (5 events):
Event: 0,046 Thread 0x00007fcb78008800 Exception <a 'java/lang/NoSuchMethodError': Method sun.misc.Unsafe.defineClass(Ljava/lang/String;[BII)Ljava/lang/Class; name or signature does not match> (0x00000000eab07c78) thrown at [/HUDSON3/workspace/8-2-build-linux-amd64/jdk8u102/7268/hotspot/src/sh
Event: 0,047 Thread 0x00007fcb78008800 Exception <a 'java/lang/NoSuchMethodError': Method sun.misc.Unsafe.prefetchRead(Ljava/lang/Object;J)V name or signature does not match> (0x00000000eab07f60) thrown at [/HUDSON3/workspace/8-2-build-linux-amd64/jdk8u102/7268/hotspot/src/share/vm/prims/jni.c
Event: 3,626 Thread 0x00007fcb78008800 Exception <a 'java/lang/ArrayIndexOutOfBoundsException': 18> (0x00000000ed113330) thrown at [/HUDSON3/workspace/8-2-build-linux-amd64/jdk8u102/7268/hotspot/src/share/vm/interpreter/interpreterRuntime.cpp, line 366]
Event: 3,626 Thread 0x00007fcb78008800 Exception <a 'java/lang/ArrayIndexOutOfBoundsException': 145> (0x00000000ed114eb0) thrown at [/HUDSON3/workspace/8-2-build-linux-amd64/jdk8u102/7268/hotspot/src/share/vm/interpreter/interpreterRuntime.cpp, line 366]
Event: 3,627 Thread 0x00007fcb78008800 Exception <a 'java/lang/ArrayIndexOutOfBoundsException': 40> (0x00000000ed116198) thrown at [/HUDSON3/workspace/8-2-build-linux-amd64/jdk8u102/7268/hotspot/src/share/vm/interpreter/interpreterRuntime.cpp, line 366]

Events (10 events):
Event: 17,178 Executing VM operation: Deoptimize done
Event: 17,196 Thread 0x00007fcb78155000 DEOPT PACKING pc=0x00007fcb694158a4 sp=0x00007fcb64699e00
Event: 17,197 Thread 0x00007fcb78155000 DEOPT UNPACKING pc=0x00007fcb69047633 sp=0x00007fcb64699c50 mode 0
Event: 17,216 loading class com/android/dx/util/ListIntSet$1
Event: 17,216 loading class com/android/dx/util/ListIntSet$1 done
Event: 17,225 Executing VM operation: Deoptimize
Event: 17,246 Executing VM operation: Deoptimize done
Event: 17,248 Thread 0x00007fcb78155000 DEOPT PACKING pc=0x00007fcb697d5f94 sp=0x00007fcb64699d70
Event: 17,249 Thread 0x00007fcb78155000 DEOPT UNPACKING pc=0x00007fcb69047633 sp=0x00007fcb64699c50 mode 0
Event: 17,559 Executing VM operation: ParallelGCFailedAllocation


Dynamic libraries:
00400000-00401000 r-xp 00000000 08:07 1329806                            /usr/lib/jvm/java-8-jdk/jre/bin/java
00600000-00601000 rw-p 00000000 08:07 1329806                            /usr/lib/jvm/java-8-jdk/jre/bin/java
017a0000-017c1000 rw-p 00000000 00:00 0                                  [heap]
c0000000-ca280000 rw-p 00000000 00:00 0 
d3e00000-eab00000 ---p 00000000 00:00 0 
eab00000-100000000 rw-p 00000000 00:00 0 
100000000-1000c0000 rw-p 00000000 00:00 0 
1000c0000-140000000 ---p 00000000 00:00 0 
7fcb18000000-7fcb18024000 rw-p 00000000 00:00 0 
7fcb18024000-7fcb1c000000 ---p 00000000 00:00 0 
7fcb20000000-7fcb20032000 rw-p 00000000 00:00 0 
7fcb20032000-7fcb24000000 ---p 00000000 00:00 0 
7fcb24000000-7fcb24025000 rw-p 00000000 00:00 0 
7fcb24025000-7fcb28000000 ---p 00000000 00:00 0 
7fcb28000000-7fcb28043000 rw-p 00000000 00:00 0 
7fcb28043000-7fcb2c000000 ---p 00000000 00:00 0 
7fcb2c000000-7fcb2c021000 rw-p 00000000 00:00 0 
7fcb2c021000-7fcb30000000 ---p 00000000 00:00 0 
7fcb30000000-7fcb30021000 rw-p 00000000 00:00 0 
7fcb30021000-7fcb34000000 ---p 00000000 00:00 0 
7fcb34000000-7fcb34021000 rw-p 00000000 00:00 0 
7fcb34021000-7fcb38000000 ---p 00000000 00:00 0 
7fcb38000000-7fcb39764000 rw-p 00000000 00:00 0 
7fcb39764000-7fcb3c000000 ---p 00000000 00:00 0 
7fcb3c000000-7fcb3cd3c000 rw-p 00000000 00:00 0 
7fcb3cd3c000-7fcb40000000 ---p 00000000 00:00 0 
7fcb40000000-7fcb40021000 rw-p 00000000 00:00 0 
7fcb40021000-7fcb44000000 ---p 00000000 00:00 0 
7fcb44000000-7fcb44870000 rw-p 00000000 00:00 0 
7fcb44870000-7fcb48000000 ---p 00000000 00:00 0 
7fcb48000000-7fcb48021000 rw-p 00000000 00:00 0 
7fcb48021000-7fcb4c000000 ---p 00000000 00:00 0 
7fcb4c000000-7fcb4c021000 rw-p 00000000 00:00 0 
7fcb4c021000-7fcb50000000 ---p 00000000 00:00 0 
7fcb50000000-7fcb50021000 rw-p 00000000 00:00 0 
7fcb50021000-7fcb54000000 ---p 00000000 00:00 0 
7fcb54000000-7fcb542ca000 rw-p 00000000 00:00 0 
7fcb542ca000-7fcb58000000 ---p 00000000 00:00 0 
7fcb58000000-7fcb58021000 rw-p 00000000 00:00 0 
7fcb58021000-7fcb5c000000 ---p 00000000 00:00 0 
7fcb5c000000-7fcb5c021000 rw-p 00000000 00:00 0 
7fcb5c021000-7fcb60000000 ---p 00000000 00:00 0 
7fcb60000000-7fcb60021000 rw-p 00000000 00:00 0 
7fcb60021000-7fcb64000000 ---p 00000000 00:00 0 
7fcb6448b000-7fcb6449a000 r--p 00000000 08:07 1050677                    /usr/share/locale/pt_BR/LC_MESSAGES/libc.mo
7fcb6449a000-7fcb6449d000 ---p 00000000 00:00 0 
7fcb6449d000-7fcb6459b000 rw-p 00000000 00:00 0 
7fcb6459b000-7fcb6459e000 ---p 00000000 00:00 0 
7fcb6459e000-7fcb6469c000 rw-p 00000000 00:00 0 
7fcb6469c000-7fcb6469f000 ---p 00000000 00:00 0 
7fcb6469f000-7fcb6479d000 rw-p 00000000 00:00 0 
7fcb6479d000-7fcb647a0000 ---p 00000000 00:00 0 
7fcb647a0000-7fcb6489e000 rw-p 00000000 00:00 0 
7fcb6489e000-7fcb648a1000 ---p 00000000 00:00 0 
7fcb648a1000-7fcb6499f000 rw-p 00000000 00:00 0 
7fcb6499f000-7fcb649b1000 r--s 000cc000 08:08 24387785                   /home/erick/AndroidStudioProjects/AwesomeNotes/app/build/intermediates/exploded-aar/com.google.android.gms/play-services-ads/9.6.1/jars/classes.jar
7fcb649b1000-7fcb649bf000 r--s 000e0000 08:08 23353529                   /home/erick/Android/Sdk/build-tools/24.0.2/lib/dx.jar
7fcb649bf000-7fcb649c0000 ---p 00000000 00:00 0 
7fcb649c0000-7fcb64ac0000 rw-p 00000000 00:00 0 
7fcb64ac0000-7fcb64ac3000 ---p 00000000 00:00 0 
7fcb64ac3000-7fcb64bc1000 rw-p 00000000 00:00 0 
7fcb64bc1000-7fcb64bc4000 ---p 00000000 00:00 0 
7fcb64bc4000-7fcb64cc2000 rw-p 00000000 00:00 0 
7fcb64cc2000-7fcb64cc5000 ---p 00000000 00:00 0 
7fcb64cc5000-7fcb64dc3000 rw-p 00000000 00:00 0 
7fcb64dc3000-7fcb64dc6000 ---p 00000000 00:00 0 
7fcb64dc6000-7fcb64ec4000 rw-p 00000000 00:00 0 
7fcb64ec4000-7fcb64ec7000 ---p 00000000 00:00 0 
7fcb64ec7000-7fcb64fc5000 rw-p 00000000 00:00 0 
7fcb64fc5000-7fcb6515e000 r--p 00000000 08:07 1102553                    /usr/lib/locale/locale-archive
7fcb6515e000-7fcb65161000 ---p 00000000 00:00 0 
7fcb65161000-7fcb6525f000 rw-p 00000000 00:00 0 
7fcb6525f000-7fcb65262000 ---p 00000000 00:00 0 
7fcb65262000-7fcb65360000 rw-p 00000000 00:00 0 
7fcb65360000-7fcb65361000 ---p 00000000 00:00 0 
7fcb65361000-7fcb663b2000 rw-p 00000000 00:00 0 
7fcb663b2000-7fcb6658a000 r--s 03d29000 08:07 1329718                    /usr/lib/jvm/java-8-jdk/jre/lib/rt.jar
7fcb6658a000-7fcb66c80000 rw-p 00000000 00:00 0 
7fcb66c80000-7fcb66e00000 ---p 00000000 00:00 0 
7fcb66e00000-7fcb69000000 rw-p 00000000 00:00 0 
7fcb69000000-7fcb69800000 rwxp 00000000 00:00 0 
7fcb69800000-7fcb78000000 ---p 00000000 00:00 0 
7fcb78000000-7fcb783a5000 rw-p 00000000 00:00 0 
7fcb783a5000-7fcb7c000000 ---p 00000000 00:00 0 
7fcb7c000000-7fcb7c070000 rw-p 00000000 00:00 0 
7fcb7c070000-7fcb7c071000 ---p 00000000 00:00 0 
7fcb7c071000-7fcb7c171000 rw-p 00000000 00:00 0 
7fcb7c171000-7fcb7c172000 ---p 00000000 00:00 0 
7fcb7c172000-7fcb7c272000 rw-p 00000000 00:00 0 
7fcb7c272000-7fcb7c273000 ---p 00000000 00:00 0 
7fcb7c273000-7fcb7c373000 rw-p 00000000 00:00 0 
7fcb7c373000-7fcb7c374000 ---p 00000000 00:00 0 
7fcb7c374000-7fcb7c4c6000 rw-p 00000000 00:00 0 
7fcb7c4c6000-7fcb7c5ca000 ---p 00000000 00:00 0 
7fcb7c5ca000-7fcb7c61c000 rw-p 00000000 00:00 0 
7fcb7c61c000-7fcb7c71f000 ---p 00000000 00:00 0 
7fcb7c71f000-7fcb7c7ca000 rw-p 00000000 00:00 0 
7fcb7c7ca000-7fcb7c7eb000 rw-p 00000000 00:00 0 
7fcb7c7eb000-7fcb7cb8b000 ---p 00000000 00:00 0 
7fcb7cb8b000-7fcb7cba5000 r-xp 00000000 08:07 1329767                    /usr/lib/jvm/java-8-jdk/jre/lib/amd64/libzip.so
7fcb7cba5000-7fcb7cda5000 ---p 0001a000 08:07 1329767                    /usr/lib/jvm/java-8-jdk/jre/lib/amd64/libzip.so
7fcb7cda5000-7fcb7cda6000 rw-p 0001a000 08:07 1329767                    /usr/lib/jvm/java-8-jdk/jre/lib/amd64/libzip.so
7fcb7cda6000-7fcb7cdb0000 r-xp 00000000 08:07 1051900                    /usr/lib/libnss_files-2.24.so
7fcb7cdb0000-7fcb7cfb0000 ---p 0000a000 08:07 1051900                    /usr/lib/libnss_files-2.24.so
7fcb7cfb0000-7fcb7cfb1000 r--p 0000a000 08:07 1051900                    /usr/lib/libnss_files-2.24.so
7fcb7cfb1000-7fcb7cfb2000 rw-p 0000b000 08:07 1051900                    /usr/lib/libnss_files-2.24.so
7fcb7cfb2000-7fcb7cfb8000 rw-p 00000000 00:00 0 
7fcb7cfb8000-7fcb7cfe2000 r-xp 00000000 08:07 1329737                    /usr/lib/jvm/java-8-jdk/jre/lib/amd64/libjava.so
7fcb7cfe2000-7fcb7d1e2000 ---p 0002a000 08:07 1329737                    /usr/lib/jvm/java-8-jdk/jre/lib/amd64/libjava.so
7fcb7d1e2000-7fcb7d1e4000 rw-p 0002a000 08:07 1329737                    /usr/lib/jvm/java-8-jdk/jre/lib/amd64/libjava.so
7fcb7d1e4000-7fcb7d1f1000 r-xp 00000000 08:07 1329790                    /usr/lib/jvm/java-8-jdk/jre/lib/amd64/libverify.so
7fcb7d1f1000-7fcb7d3f1000 ---p 0000d000 08:07 1329790                    /usr/lib/jvm/java-8-jdk/jre/lib/amd64/libverify.so
7fcb7d3f1000-7fcb7d3f3000 rw-p 0000d000 08:07 1329790                    /usr/lib/jvm/java-8-jdk/jre/lib/amd64/libverify.so
7fcb7d3f3000-7fcb7d3fa000 r-xp 00000000 08:07 1051908                    /usr/lib/librt-2.24.so
7fcb7d3fa000-7fcb7d5f9000 ---p 00007000 08:07 1051908                    /usr/lib/librt-2.24.so
7fcb7d5f9000-7fcb7d5fa000 r--p 00006000 08:07 1051908                    /usr/lib/librt-2.24.so
7fcb7d5fa000-7fcb7d5fb000 rw-p 00007000 08:07 1051908                    /usr/lib/librt-2.24.so
7fcb7d5fb000-7fcb7d6fe000 r-xp 00000000 08:07 1051905                    /usr/lib/libm-2.24.so
7fcb7d6fe000-7fcb7d8fd000 ---p 00103000 08:07 1051905                    /usr/lib/libm-2.24.so
7fcb7d8fd000-7fcb7d8fe000 r--p 00102000 08:07 1051905                    /usr/lib/libm-2.24.so
7fcb7d8fe000-7fcb7d8ff000 rw-p 00103000 08:07 1051905                    /usr/lib/libm-2.24.so
7fcb7d8ff000-7fcb7e5cb000 r-xp 00000000 08:07 1329801                    /usr/lib/jvm/java-8-jdk/jre/lib/amd64/server/libjvm.so
7fcb7e5cb000-7fcb7e7cb000 ---p 00ccc000 08:07 1329801                    /usr/lib/jvm/java-8-jdk/jre/lib/amd64/server/libjvm.so
7fcb7e7cb000-7fcb7e8a4000 rw-p 00ccc000 08:07 1329801                    /usr/lib/jvm/java-8-jdk/jre/lib/amd64/server/libjvm.so
7fcb7e8a4000-7fcb7e8ef000 rw-p 00000000 00:00 0 
7fcb7e8ef000-7fcb7ea84000 r-xp 00000000 08:07 1051805                    /usr/lib/libc-2.24.so
7fcb7ea84000-7fcb7ec83000 ---p 00195000 08:07 1051805                    /usr/lib/libc-2.24.so
7fcb7ec83000-7fcb7ec87000 r--p 00194000 08:07 1051805                    /usr/lib/libc-2.24.so
7fcb7ec87000-7fcb7ec89000 rw-p 00198000 08:07 1051805                    /usr/lib/libc-2.24.so
7fcb7ec89000-7fcb7ec8d000 rw-p 00000000 00:00 0 
7fcb7ec8d000-7fcb7ec8f000 r-xp 00000000 08:07 1051904                    /usr/lib/libdl-2.24.so
7fcb7ec8f000-7fcb7ee8f000 ---p 00002000 08:07 1051904                    /usr/lib/libdl-2.24.so
7fcb7ee8f000-7fcb7ee90000 r--p 00002000 08:07 1051904                    /usr/lib/libdl-2.24.so
7fcb7ee90000-7fcb7ee91000 rw-p 00003000 08:07 1051904                    /usr/lib/libdl-2.24.so
7fcb7ee91000-7fcb7eea6000 r-xp 00000000 08:07 1451315                    /usr/lib/jvm/java-8-jdk/jre/lib/amd64/jli/libjli.so
7fcb7eea6000-7fcb7f0a6000 ---p 00015000 08:07 1451315                    /usr/lib/jvm/java-8-jdk/jre/lib/amd64/jli/libjli.so
7fcb7f0a6000-7fcb7f0a7000 rw-p 00015000 08:07 1451315                    /usr/lib/jvm/java-8-jdk/jre/lib/amd64/jli/libjli.so
7fcb7f0a7000-7fcb7f0bf000 r-xp 00000000 08:07 1051772                    /usr/lib/libpthread-2.24.so
7fcb7f0bf000-7fcb7f2be000 ---p 00018000 08:07 1051772                    /usr/lib/libpthread-2.24.so
7fcb7f2be000-7fcb7f2bf000 r--p 00017000 08:07 1051772                    /usr/lib/libpthread-2.24.so
7fcb7f2bf000-7fcb7f2c0000 rw-p 00018000 08:07 1051772                    /usr/lib/libpthread-2.24.so
7fcb7f2c0000-7fcb7f2c4000 rw-p 00000000 00:00 0 
7fcb7f2c4000-7fcb7f2e7000 r-xp 00000000 08:07 1051801                    /usr/lib/ld-2.24.so
7fcb7f2f3000-7fcb7f390000 rw-p 00000000 00:00 0 
7fcb7f390000-7fcb7f393000 ---p 00000000 00:00 0 
7fcb7f393000-7fcb7f493000 rw-p 00000000 00:00 0 
7fcb7f49e000-7fcb7f4da000 rw-p 00000000 00:00 0 
7fcb7f4da000-7fcb7f4e2000 rw-s 00000000 00:24 734490                     /tmp/hsperfdata_erick/17085
7fcb7f4e2000-7fcb7f4e3000 rw-p 00000000 00:00 0 
7fcb7f4e3000-7fcb7f4e4000 ---p 00000000 00:00 0 
7fcb7f4e4000-7fcb7f4e6000 rw-p 00000000 00:00 0 
7fcb7f4e6000-7fcb7f4e7000 r--p 00022000 08:07 1051801                    /usr/lib/ld-2.24.so
7fcb7f4e7000-7fcb7f4e8000 rw-p 00023000 08:07 1051801                    /usr/lib/ld-2.24.so
7fcb7f4e8000-7fcb7f4e9000 rw-p 00000000 00:00 0 
7fff4df0c000-7fff4df2d000 rw-p 00000000 00:00 0                          [stack]
7fff4dfb3000-7fff4dfb5000 r--p 00000000 00:00 0                          [vvar]
7fff4dfb5000-7fff4dfb7000 r-xp 00000000 00:00 0                          [vdso]
ffffffffff600000-ffffffffff601000 r-xp 00000000 00:00 0                  [vsyscall]

VM Arguments:
jvm_args: -Djava.awt.headless=true -Xmx1024M -Dfile.encoding=UTF-8 -Duser.country=BR -Duser.language=pt -Duser.variant 
java_command: com.android.dx.command.Main --dex --force-jumbo --num-threads=4 --output /home/erick/AndroidStudioProjects/AwesomeNotes/app/build/intermediates/pre-dexed/debug/com.google.android.gms-play-services-ads-9.6.1_2f9ec844bffa527fab95b99b0e494799d464c1bc.jar /home/erick/AndroidStudioProjects/AwesomeNotes/app/build/intermediates/exploded-aar/com.google.android.gms/play-services-ads/9.6.1/jars/classes.jar
java_class_path (initial): /home/erick/Android/Sdk/build-tools/24.0.2/lib/dx.jar
Launcher Type: SUN_STANDARD

Environment Variables:
PATH=/usr/local/sbin:/usr/local/bin:/usr/bin:/usr/lib/jvm/default/bin:/usr/bin/site_perl:/usr/bin/vendor_perl:/usr/bin/core_perl
LD_LIBRARY_PATH=/opt/android-studio/bin:
SHELL=/usr/bin/zsh
DISPLAY=:0

Signal Handlers:
SIGSEGV: [libjvm.so+0xac5b30], sa_mask[0]=11111111011111111101111111111110, sa_flags=SA_RESTART|SA_SIGINFO
SIGBUS: [libjvm.so+0xac5b30], sa_mask[0]=11111111011111111101111111111110, sa_flags=SA_RESTART|SA_SIGINFO
SIGFPE: [libjvm.so+0x91f470], sa_mask[0]=11111111011111111101111111111110, sa_flags=SA_RESTART|SA_SIGINFO
SIGPIPE: [libjvm.so+0x91f470], sa_mask[0]=11111111011111111101111111111110, sa_flags=SA_RESTART|SA_SIGINFO
SIGXFSZ: [libjvm.so+0x91f470], sa_mask[0]=11111111011111111101111111111110, sa_flags=SA_RESTART|SA_SIGINFO
SIGILL: [libjvm.so+0x91f470], sa_mask[0]=11111111011111111101111111111110, sa_flags=SA_RESTART|SA_SIGINFO
SIGUSR1: SIG_DFL, sa_mask[0]=00000000000000000000000000000000, sa_flags=none
SIGUSR2: [libjvm.so+0x920aa0], sa_mask[0]=00100000000000000000000000000000, sa_flags=SA_RESTART|SA_SIGINFO
SIGHUP: [libjvm.so+0x921ea0], sa_mask[0]=11111111011111111101111111111110, sa_flags=SA_RESTART|SA_SIGINFO
SIGINT: [libjvm.so+0x921ea0], sa_mask[0]=11111111011111111101111111111110, sa_flags=SA_RESTART|SA_SIGINFO
SIGTERM: [libjvm.so+0x921ea0], sa_mask[0]=11111111011111111101111111111110, sa_flags=SA_RESTART|SA_SIGINFO
SIGQUIT: [libjvm.so+0x921ea0], sa_mask[0]=11111111011111111101111111111110, sa_flags=SA_RESTART|SA_SIGINFO


---------------  S Y S T E M  ---------------

OS:LSB_VERSION=1.4
DISTRIB_ID=Arch
DISTRIB_RELEASE=rolling
DISTRIB_DESCRIPTION="Arch Linux"

uname:Linux 4.8.6-1-ARCH #1 SMP PREEMPT Mon Oct 31 18:51:30 CET 2016 x86_64
libc:glibc 2.24 NPTL 2.24 
rlimit: STACK 8192k, CORE infinity, NPROC 30815, NOFILE 4096, AS infinity
load average:17,19 5,88 3,57

/proc/meminfo:
MemTotal:        8092076 kB
MemFree:          304924 kB
MemAvailable:     238916 kB
Buffers:             892 kB
Cached:           739068 kB
SwapCached:            0 kB
Active:          6697204 kB
Inactive:         714952 kB
Active(anon):    6684368 kB
Inactive(anon):   684704 kB
Active(file):      12836 kB
Inactive(file):    30248 kB
Unevictable:           0 kB
Mlocked:               0 kB
SwapTotal:             0 kB
SwapFree:              0 kB
Dirty:                36 kB
Writeback:           308 kB
AnonPages:       6672636 kB
Mapped:           602628 kB
Shmem:            696436 kB
Slab:             164644 kB
SReclaimable:     102756 kB
SUnreclaim:        61888 kB
KernelStack:       17936 kB
PageTables:        89496 kB
NFS_Unstable:          0 kB
Bounce:                0 kB
WritebackTmp:          0 kB
CommitLimit:     4046036 kB
Committed_AS:   16074908 kB
VmallocTotal:   34359738367 kB
VmallocUsed:           0 kB
VmallocChunk:          0 kB
HardwareCorrupted:     0 kB
AnonHugePages:   2707456 kB
ShmemHugePages:        0 kB
ShmemPmdMapped:        0 kB
HugePages_Total:       0
HugePages_Free:        0
HugePages_Rsvd:        0
HugePages_Surp:        0
Hugepagesize:       2048 kB
DirectMap4k:      271296 kB
DirectMap2M:     8030208 kB
DirectMap1G:     1048576 kB


CPU:total 4 (2 cores per cpu, 2 threads per core) family 6 model 61 stepping 4, cmov, cx8, fxsr, mmx, sse, sse2, sse3, ssse3, sse4.1, sse4.2, popcnt, avx, avx2, aes, clmul, erms, 3dnowpref, lzcnt, ht, tsc, tscinvbit, bmi1, bmi2, adx

/proc/cpuinfo:
processor	: 0
vendor_id	: GenuineIntel
cpu family	: 6
model		: 61
model name	: Intel(R) Core(TM) i7-5500U CPU @ 2.40GHz
stepping	: 4
microcode	: 0x1f
cpu MHz		: 2206.494
cache size	: 4096 KB
physical id	: 0
siblings	: 4
core id		: 0
cpu cores	: 2
apicid		: 0
initial apicid	: 0
fpu		: yes
fpu_exception	: yes
cpuid level	: 20
wp		: yes
flags		: fpu vme de pse tsc msr pae mce cx8 apic sep mtrr pge mca cmov pat pse36 clflush dts acpi mmx fxsr sse sse2 ss ht tm pbe syscall nx pdpe1gb rdtscp lm constant_tsc arch_perfmon pebs bts rep_good nopl xtopology nonstop_tsc aperfmperf eagerfpu pni pclmulqdq dtes64 monitor ds_cpl vmx est tm2 ssse3 sdbg fma cx16 xtpr pdcm pcid sse4_1 sse4_2 x2apic movbe popcnt tsc_deadline_timer aes xsave avx f16c rdrand lahf_lm abm 3dnowprefetch epb intel_pt tpr_shadow vnmi flexpriority ept vpid fsgsbase tsc_adjust bmi1 avx2 smep bmi2 erms invpcid rdseed adx smap xsaveopt dtherm ida arat pln pts
bugs		:
bogomips	: 4790.60
clflush size	: 64
cache_alignment	: 64
address sizes	: 39 bits physical, 48 bits virtual
power management:

processor	: 1
vendor_id	: GenuineIntel
cpu family	: 6
model		: 61
model name	: Intel(R) Core(TM) i7-5500U CPU @ 2.40GHz
stepping	: 4
microcode	: 0x1f
cpu MHz		: 1999.658
cache size	: 4096 KB
physical id	: 0
siblings	: 4
core id		: 1
cpu cores	: 2
apicid		: 2
initial apicid	: 2
fpu		: yes
fpu_exception	: yes
cpuid level	: 20
wp		: yes
flags		: fpu vme de pse tsc msr pae mce cx8 apic sep mtrr pge mca cmov pat pse36 clflush dts acpi mmx fxsr sse sse2 ss ht tm pbe syscall nx pdpe1gb rdtscp lm constant_tsc arch_perfmon pebs bts rep_good nopl xtopology nonstop_tsc aperfmperf eagerfpu pni pclmulqdq dtes64 monitor ds_cpl vmx est tm2 ssse3 sdbg fma cx16 xtpr pdcm pcid sse4_1 sse4_2 x2apic movbe popcnt tsc_deadline_timer aes xsave avx f16c rdrand lahf_lm abm 3dnowprefetch epb intel_pt tpr_shadow vnmi flexpriority ept vpid fsgsbase tsc_adjust bmi1 avx2 smep bmi2 erms invpcid rdseed adx smap xsaveopt dtherm ida arat pln pts
bugs		:
bogomips	: 4792.94
clflush size	: 64
cache_alignment	: 64
address sizes	: 39 bits physical, 48 bits virtual
power management:

processor	: 2
vendor_id	: GenuineIntel
cpu family	: 6
model		: 61
model name	: Intel(R) Core(TM) i7-5500U CPU @ 2.40GHz
stepping	: 4
microcode	: 0x1f
cpu MHz		: 2159.179
cache size	: 4096 KB
physical id	: 0
siblings	: 4
core id		: 0
cpu cores	: 2
apicid		: 1
initial apicid	: 1
fpu		: yes
fpu_exception	: yes
cpuid level	: 20
wp		: yes
flags		: fpu vme de pse tsc msr pae mce cx8 apic sep mtrr pge mca cmov pat pse36 clflush dts acpi mmx fxsr sse sse2 ss ht tm pbe syscall nx pdpe1gb rdtscp lm constant_tsc arch_perfmon pebs bts rep_good nopl xtopology nonstop_tsc aperfmperf eagerfpu pni pclmulqdq dtes64 monitor ds_cpl vmx est tm2 ssse3 sdbg fma cx16 xtpr pdcm pcid sse4_1 sse4_2 x2apic movbe popcnt tsc_deadline_timer aes xsave avx f16c rdrand lahf_lm abm 3dnowprefetch epb intel_pt tpr_shadow vnmi flexpriority ept vpid fsgsbase tsc_adjust bmi1 avx2 smep bmi2 erms invpcid rdseed adx smap xsaveopt dtherm ida arat pln pts
bugs		:
bogomips	: 4792.62
clflush size	: 64
cache_alignment	: 64
address sizes	: 39 bits physical, 48 bits virtual
power management:

processor	: 3
vendor_id	: GenuineIntel
cpu family	: 6
model		: 61
model name	: Intel(R) Core(TM) i7-5500U CPU @ 2.40GHz
stepping	: 4
microcode	: 0x1f
cpu MHz		: 2116.406
cache size	: 4096 KB
physical id	: 0
siblings	: 4
core id		: 1
cpu cores	: 2
apicid		: 3
initial apicid	: 3
fpu		: yes
fpu_exception	: yes
cpuid level	: 20
wp		: yes
flags		: fpu vme de pse tsc msr pae mce cx8 apic sep mtrr pge mca cmov pat pse36 clflush dts acpi mmx fxsr sse sse2 ss ht tm pbe syscall nx pdpe1gb rdtscp lm constant_tsc arch_perfmon pebs bts rep_good nopl xtopology nonstop_tsc aperfmperf eagerfpu pni pclmulqdq dtes64 monitor ds_cpl vmx est tm2 ssse3 sdbg fma cx16 xtpr pdcm pcid sse4_1 sse4_2 x2apic movbe popcnt tsc_deadline_timer aes xsave avx f16c rdrand lahf_lm abm 3dnowprefetch epb intel_pt tpr_shadow vnmi flexpriority ept vpid fsgsbase tsc_adjust bmi1 avx2 smep bmi2 erms invpcid rdseed adx smap xsaveopt dtherm ida arat pln pts
bugs		:
bogomips	: 4792.06
clflush size	: 64
cache_alignment	: 64
address sizes	: 39 bits physical, 48 bits virtual
power management:



Memory: 4k page, physical 8092076k(304924k free), swap 0k(0k free)

vm_info: Java HotSpot(TM) 64-Bit Server VM (25.102-b14) for linux-amd64 JRE (1.8.0_102-b14), built on Jun 22 2016 18:43:17 by "java_re" with gcc 4.3.0 20080428 (Red Hat 4.3.0-8)

time: Tue Nov  8 22:42:16 2016
elapsed time: 31 seconds (0d 0h 0m 31s)

